<?xml version="1.0" encoding="UTF-8"?>
<!-- Generated by org.testng.reporters.JUnitReportReporter -->
<testsuite skipped="0" hostname="Lanke" name="Academy.E2EProject.validateNavigationBar" tests="1" failures="0" timestamp="2020-08-17T20:14:04 EDT" time="0.072" errors="0">
  <testcase name="basePageNavigation" time="0.072" classname="Academy.E2EProject.validateNavigationBar"/>
  <system-out/>
</testsuite> <!-- Academy.E2EProject.validateNavigationBar -->
