<?xml version="1.0" encoding="UTF-8"?>
<!-- Generated by org.testng.reporters.JUnitReportReporter -->
<testsuite skipped="0" hostname="Lanke" name="Academy.E2EProject.HomePage" tests="2" failures="0" timestamp="2020-08-25T21:44:31 EDT" time="10.815" errors="0">
  <testcase name="validateLogin" time="3.184" classname="Academy.E2EProject.HomePage"/>
  <system-out/>
  <testcase name="validateLogin" time="7.631" classname="Academy.E2EProject.HomePage"/>
  <system-out/>
</testsuite> <!-- Academy.E2EProject.HomePage -->
