<?xml version="1.0" encoding="UTF-8"?>
<!-- Generated by org.testng.reporters.JUnitReportReporter -->
<testsuite skipped="0" hostname="Lanke" name="Academy.E2EProject.validateNavigationBar" tests="1" failures="0" timestamp="2020-08-26T00:07:25 EDT" time="0.052" errors="0">
  <testcase name="validateNavBar" time="0.052" classname="Academy.E2EProject.validateNavigationBar"/>
  <system-out/>
</testsuite> <!-- Academy.E2EProject.validateNavigationBar -->
