<?xml version="1.0" encoding="UTF-8"?>
<!-- Generated by org.testng.reporters.JUnitReportReporter -->
<testsuite skipped="0" hostname="Lanke" name="Academy.E2EProject.HomePage" tests="2" failures="0" timestamp="2020-10-10T18:59:09 EDT" time="10.335" errors="0">
  <testcase name="validateLogin" time="7.572" classname="Academy.E2EProject.HomePage"/>
  <system-out/>
  <testcase name="validateLogin" time="2.763" classname="Academy.E2EProject.HomePage"/>
  <system-out/>
</testsuite> <!-- Academy.E2EProject.HomePage -->
