<?xml version="1.0" encoding="UTF-8"?>
<!-- Generated by org.testng.reporters.JUnitReportReporter -->
<testsuite skipped="0" hostname="Lanke" name="Academy.E2EProject.validateNavigationBar" tests="1" failures="0" timestamp="2020-10-10T18:59:09 EDT" time="0.103" errors="0">
  <testcase name="validateNavBar" time="0.103" classname="Academy.E2EProject.validateNavigationBar"/>
  <system-out/>
</testsuite> <!-- Academy.E2EProject.validateNavigationBar -->
